[0.014s] Invoking command in '/home/pau24113/Documents/GitHub/IR2117/tb3_ws/build/olympic': CMAKE_PREFIX_PATH=${CMAKE_PREFIX_PATH}:/opt/ros/foxy /usr/bin/cmake --build /home/pau24113/Documents/GitHub/IR2117/tb3_ws/build/olympic -- -j16 -l16
[0.081s] [35m[1mScanning dependencies of target rings[0m
[0.102s] [ 50%] [32mBuilding CXX object CMakeFiles/rings.dir/src/rings.cpp.o[0m
[1.033s] [01m[K/home/pau24113/Documents/GitHub/IR2117/tb3_ws/src/olympic/src/rings.cpp:11:23:[m[K [01;31m[Kerror: [m[Kâ€˜[01m[Kturtlesim::srv::set_pen[m[Kâ€™ has not been declared
[1.033s]    11 | using turtlesim::srv::[01;31m[Kset_pen[m[K;
[1.033s]       |                       [01;31m[K^~~~~~~[m[K
[1.034s] [01m[K/home/pau24113/Documents/GitHub/IR2117/tb3_ws/src/olympic/src/rings.cpp:14:19:[m[K [01;31m[Kerror: [m[Kâ€˜[01m[Kset_pen[m[Kâ€™ was not declared in this scope
[1.034s]    14 |   std::shared_ptr<[01;31m[Kset_pen[m[K::Request>  request,
[1.034s]       |                   [01;31m[K^~~~~~~[m[K
[1.034s] [01m[K/home/pau24113/Documents/GitHub/IR2117/tb3_ws/src/olympic/src/rings.cpp:14:35:[m[K [01;31m[Kerror: [m[Ktemplate argument 1 is invalid
[1.034s]    14 |   std::shared_ptr<set_pen::Request[01;31m[K>[m[K  request,
[1.034s]       |                                   [01;31m[K^[m[K
[1.035s] [01m[K/home/pau24113/Documents/GitHub/IR2117/tb3_ws/src/olympic/src/rings.cpp:14:19:[m[K [01;31m[Kerror: [m[Kâ€˜[01m[Kset_pen[m[Kâ€™ was not declared in this scope
[1.035s]    14 |   std::shared_ptr<[01;31m[Kset_pen[m[K::Request>  request,
[1.035s]       |                   [01;31m[K^~~~~~~[m[K
[1.035s] [01m[K/home/pau24113/Documents/GitHub/IR2117/tb3_ws/src/olympic/src/rings.cpp:14:35:[m[K [01;31m[Kerror: [m[Ktemplate argument 1 is invalid
[1.035s]    14 |   std::shared_ptr<set_pen::Request[01;31m[K>[m[K  request,
[1.035s]       |                                   [01;31m[K^[m[K
[1.036s] [01m[K/home/pau24113/Documents/GitHub/IR2117/tb3_ws/src/olympic/src/rings.cpp:14:19:[m[K [01;31m[Kerror: [m[Kâ€˜[01m[Kset_pen[m[Kâ€™ was not declared in this scope
[1.036s]    14 |   std::shared_ptr<[01;31m[Kset_pen[m[K::Request>  request,
[1.036s]       |                   [01;31m[K^~~~~~~[m[K
[1.036s] [01m[K/home/pau24113/Documents/GitHub/IR2117/tb3_ws/src/olympic/src/rings.cpp:14:35:[m[K [01;31m[Kerror: [m[Ktemplate argument 1 is invalid
[1.036s]    14 |   std::shared_ptr<set_pen::Request[01;31m[K>[m[K  request,
[1.036s]       |                                   [01;31m[K^[m[K
[1.036s] [01m[K/home/pau24113/Documents/GitHub/IR2117/tb3_ws/src/olympic/src/rings.cpp:14:8:[m[K [01;31m[Kerror: [m[Kvariable or field â€˜[01m[Kadd[m[Kâ€™ declared void
[1.036s]    14 |   std::[01;31m[Kshared_ptr[m[K<set_pen::Request>  request,
[1.036s]       |        [01;31m[K^~~~~~~~~~[m[K
[1.036s] [01m[K/home/pau24113/Documents/GitHub/IR2117/tb3_ws/src/olympic/src/rings.cpp:14:19:[m[K [01;31m[Kerror: [m[Kâ€˜[01m[Kset_pen[m[Kâ€™ was not declared in this scope
[1.037s]    14 |   std::shared_ptr<[01;31m[Kset_pen[m[K::Request>  request,
[1.037s]       |                   [01;31m[K^~~~~~~[m[K
[1.037s] [01m[K/home/pau24113/Documents/GitHub/IR2117/tb3_ws/src/olympic/src/rings.cpp:14:35:[m[K [01;31m[Kerror: [m[Ktemplate argument 1 is invalid
[1.037s]    14 |   std::shared_ptr<set_pen::Request[01;31m[K>[m[K  request,
[1.037s]       |                                   [01;31m[K^[m[K
[1.037s] [01m[K/home/pau24113/Documents/GitHub/IR2117/tb3_ws/src/olympic/src/rings.cpp:15:1:[m[K [01;31m[Kerror: [m[Kexpected primary-expression before â€˜[01m[K)[m[Kâ€™ token
[1.037s]    15 | [01;31m[K)[m[K
[1.037s]       | [01;31m[K^[m[K
[1.051s] [01m[K/home/pau24113/Documents/GitHub/IR2117/tb3_ws/src/olympic/src/rings.cpp:[m[K In function â€˜[01m[Kint main(int, char**)[m[Kâ€™:
[1.052s] [01m[K/home/pau24113/Documents/GitHub/IR2117/tb3_ws/src/olympic/src/rings.cpp:51:33:[m[K [01;31m[Kerror: [m[Kredeclaration of â€˜[01m[Kstd::shared_ptr<rclcpp::Node> node[m[Kâ€™
[1.052s]    51 |   std::shared_ptr<rclcpp::Node> [01;31m[Knode[m[K =
[1.052s]       |                                 [01;31m[K^~~~[m[K
[1.052s] [01m[K/home/pau24113/Documents/GitHub/IR2117/tb3_ws/src/olympic/src/rings.cpp:25:8:[m[K [01;36m[Knote: [m[Kâ€˜[01m[Kstd::shared_ptr<rclcpp::Node> node[m[Kâ€™ previously declared here
[1.052s]    25 |   auto [01;36m[Knode[m[K = rclcpp::Node::make_shared("rings");
[1.052s]       |        [01;36m[K^~~~[m[K
[1.053s] [01m[K/home/pau24113/Documents/GitHub/IR2117/tb3_ws/src/olympic/src/rings.cpp:53:19:[m[K [01;31m[Kerror: [m[Kâ€˜[01m[Kset_pen[m[Kâ€™ was not declared in this scope
[1.053s]    53 |   rclcpp::Service<[01;31m[Kset_pen[m[K>::SharedPtr service =
[1.053s]       |                   [01;31m[K^~~~~~~[m[K
[1.053s] [01m[K/home/pau24113/Documents/GitHub/IR2117/tb3_ws/src/olympic/src/rings.cpp:53:26:[m[K [01;31m[Kerror: [m[Ktemplate argument 1 is invalid
[1.053s]    53 |   rclcpp::Service<set_pen[01;31m[K>[m[K::SharedPtr service =
[1.053s]       |                          [01;31m[K^[m[K
[1.053s] [01m[K/home/pau24113/Documents/GitHub/IR2117/tb3_ws/src/olympic/src/rings.cpp:53:39:[m[K [01;31m[Kerror: [m[Kexpected initializer before â€˜[01m[Kservice[m[Kâ€™
[1.053s]    53 |   rclcpp::Service<set_pen>::SharedPtr [01;31m[Kservice[m[K =
[1.053s]       |                                       [01;31m[K^~~~~~~[m[K
[1.053s] [01m[K/home/pau24113/Documents/GitHub/IR2117/tb3_ws/src/olympic/src/rings.cpp:67:33:[m[K [01;31m[Kerror: [m[Kredeclaration of â€˜[01m[Kstd::shared_ptr<rclcpp::Node> node[m[Kâ€™
[1.053s]    67 |   std::shared_ptr<rclcpp::Node> [01;31m[Knode[m[K =
[1.053s]       |                                 [01;31m[K^~~~[m[K
[1.054s] [01m[K/home/pau24113/Documents/GitHub/IR2117/tb3_ws/src/olympic/src/rings.cpp:25:8:[m[K [01;36m[Knote: [m[Kâ€˜[01m[Kstd::shared_ptr<rclcpp::Node> node[m[Kâ€™ previously declared here
[1.054s]    25 |   auto [01;36m[Knode[m[K = rclcpp::Node::make_shared("rings");
[1.054s]       |        [01;36m[K^~~~[m[K
[1.055s] [01m[K/home/pau24113/Documents/GitHub/IR2117/tb3_ws/src/olympic/src/rings.cpp:69:18:[m[K [01;31m[Kerror: [m[Kâ€˜[01m[KAddTwoInts[m[Kâ€™ was not declared in this scope
[1.055s]    69 |   rclcpp::Client<[01;31m[KAddTwoInts[m[K>::SharedPtr client =
[1.055s]       |                  [01;31m[K^~~~~~~~~~[m[K
[1.055s] [01m[K/home/pau24113/Documents/GitHub/IR2117/tb3_ws/src/olympic/src/rings.cpp:69:28:[m[K [01;31m[Kerror: [m[Ktemplate argument 1 is invalid
[1.055s]    69 |   rclcpp::Client<AddTwoInts[01;31m[K>[m[K::SharedPtr client =
[1.055s]       |                            [01;31m[K^[m[K
[1.055s] [01m[K/home/pau24113/Documents/GitHub/IR2117/tb3_ws/src/olympic/src/rings.cpp:69:41:[m[K [01;31m[Kerror: [m[Kexpected initializer before â€˜[01m[Kclient[m[Kâ€™
[1.055s]    69 |   rclcpp::Client<AddTwoInts>::SharedPtr [01;31m[Kclient[m[K =
[1.055s]       |                                         [01;31m[K^~~~~~[m[K
[1.055s] [01m[K/home/pau24113/Documents/GitHub/IR2117/tb3_ws/src/olympic/src/rings.cpp:72:23:[m[K [01;31m[Kerror: [m[Kparse error in template argument list
[1.055s]    72 |   auto request = std::[01;31m[Kmake_shared<AddTwoInts::Request>[m[K();
[1.055s]       |                       [01;31m[K^~~~~~~~~~~~~~~~~~~~~~~~~~~~~~~~[m[K
[1.056s] [01m[K/home/pau24113/Documents/GitHub/IR2117/tb3_ws/src/olympic/src/rings.cpp:72:56:[m[K [01;31m[Kerror: [m[Kno matching function for call to â€˜[01m[Kmake_shared<AddTwoInts>()[m[Kâ€™
[1.056s]    72 |   auto request = std::make_shared<AddTwoInts::Request>([01;31m[K)[m[K;
[1.056s]       |                                                        [01;31m[K^[m[K
[1.056s] In file included from [01m[K/usr/include/c++/9/memory:81[m[K,
[1.056s]                  from [01m[K/home/pau24113/Documents/GitHub/IR2117/tb3_ws/src/olympic/src/rings.cpp:3[m[K:
[1.056s] [01m[K/usr/include/c++/9/bits/shared_ptr.h:714:5:[m[K [01;36m[Knote: [m[Kcandidate: â€˜[01m[Ktemplate<class _Tp, class ... _Args> std::shared_ptr<_Tp> std::make_shared(_Args&& ...)[m[Kâ€™
[1.056s]   714 |     [01;36m[Kmake_shared[m[K(_Args&&... __args)
[1.056s]       |     [01;36m[K^~~~~~~~~~~[m[K
[1.056s] [01m[K/usr/include/c++/9/bits/shared_ptr.h:714:5:[m[K [01;36m[Knote: [m[K  template argument deduction/substitution failed:
[1.056s] [01m[K/home/pau24113/Documents/GitHub/IR2117/tb3_ws/src/olympic/src/rings.cpp:79:11:[m[K [01;31m[Kerror: [m[Kâ€˜[01m[Kclient[m[Kâ€™ was not declared in this scope
[1.056s]    79 |   while (![01;31m[Kclient[m[K->wait_for_service(1s)) {
[1.056s]       |           [01;31m[K^~~~~~[m[K
[1.057s] [01m[K/home/pau24113/Documents/GitHub/IR2117/tb3_ws/src/olympic/src/rings.cpp:89:17:[m[K [01;31m[Kerror: [m[Kâ€˜[01m[Kclient[m[Kâ€™ was not declared in this scope
[1.057s]    89 |   auto result = [01;31m[Kclient[m[K->async_send_request(request);
[1.057s]       |                 [01;31m[K^~~~~~[m[K
[1.662s] make[2]: *** [CMakeFiles/rings.dir/build.make:63: CMakeFiles/rings.dir/src/rings.cpp.o] Error 1
[1.662s] make[1]: *** [CMakeFiles/Makefile2:78: CMakeFiles/rings.dir/all] Error 2
[1.662s] make: *** [Makefile:141: all] Error 2
[1.664s] Invoked command in '/home/pau24113/Documents/GitHub/IR2117/tb3_ws/build/olympic' returned '2': CMAKE_PREFIX_PATH=${CMAKE_PREFIX_PATH}:/opt/ros/foxy /usr/bin/cmake --build /home/pau24113/Documents/GitHub/IR2117/tb3_ws/build/olympic -- -j16 -l16
