[01m[K/home/pau24113/Documents/GitHub/IR2117/tb3_ws/src/olympic/src/rings.cpp:12:26:[m[K [01;31m[Kerror: [m[Kâ€˜[01m[Kset_pen[m[Kâ€™ was not declared in this scope
   12 | void add(std::shared_ptr<[01;31m[Kset_pen[m[K::Request> request)
      |                          [01;31m[K^~~~~~~[m[K
[01m[K/home/pau24113/Documents/GitHub/IR2117/tb3_ws/src/olympic/src/rings.cpp:12:42:[m[K [01;31m[Kerror: [m[Ktemplate argument 1 is invalid
   12 | void add(std::shared_ptr<set_pen::Request[01;31m[K>[m[K request)
      |                                          [01;31m[K^[m[K
[01m[K/home/pau24113/Documents/GitHub/IR2117/tb3_ws/src/olympic/src/rings.cpp:12:26:[m[K [01;31m[Kerror: [m[Kâ€˜[01m[Kset_pen[m[Kâ€™ was not declared in this scope
   12 | void add(std::shared_ptr<[01;31m[Kset_pen[m[K::Request> request)
      |                          [01;31m[K^~~~~~~[m[K
[01m[K/home/pau24113/Documents/GitHub/IR2117/tb3_ws/src/olympic/src/rings.cpp:12:42:[m[K [01;31m[Kerror: [m[Ktemplate argument 1 is invalid
   12 | void add(std::shared_ptr<set_pen::Request[01;31m[K>[m[K request)
      |                                          [01;31m[K^[m[K
[01m[K/home/pau24113/Documents/GitHub/IR2117/tb3_ws/src/olympic/src/rings.cpp:12:26:[m[K [01;31m[Kerror: [m[Kâ€˜[01m[Kset_pen[m[Kâ€™ was not declared in this scope
   12 | void add(std::shared_ptr<[01;31m[Kset_pen[m[K::Request> request)
      |                          [01;31m[K^~~~~~~[m[K
[01m[K/home/pau24113/Documents/GitHub/IR2117/tb3_ws/src/olympic/src/rings.cpp:12:42:[m[K [01;31m[Kerror: [m[Ktemplate argument 1 is invalid
   12 | void add(std::shared_ptr<set_pen::Request[01;31m[K>[m[K request)
      |                                          [01;31m[K^[m[K
[01m[K/home/pau24113/Documents/GitHub/IR2117/tb3_ws/src/olympic/src/rings.cpp:12:15:[m[K [01;31m[Kerror: [m[Kvariable or field â€˜[01m[Kadd[m[Kâ€™ declared void
   12 | void add(std::[01;31m[Kshared_ptr[m[K<set_pen::Request> request)
      |               [01;31m[K^~~~~~~~~~[m[K
[01m[K/home/pau24113/Documents/GitHub/IR2117/tb3_ws/src/olympic/src/rings.cpp:12:26:[m[K [01;31m[Kerror: [m[Kâ€˜[01m[Kset_pen[m[Kâ€™ was not declared in this scope
   12 | void add(std::shared_ptr<[01;31m[Kset_pen[m[K::Request> request)
      |                          [01;31m[K^~~~~~~[m[K
[01m[K/home/pau24113/Documents/GitHub/IR2117/tb3_ws/src/olympic/src/rings.cpp:12:42:[m[K [01;31m[Kerror: [m[Ktemplate argument 1 is invalid
   12 | void add(std::shared_ptr<set_pen::Request[01;31m[K>[m[K request)
      |                                          [01;31m[K^[m[K
[01m[K/home/pau24113/Documents/GitHub/IR2117/tb3_ws/src/olympic/src/rings.cpp:[m[K In function â€˜[01m[Kint main(int, char**)[m[Kâ€™:
[01m[K/home/pau24113/Documents/GitHub/IR2117/tb3_ws/src/olympic/src/rings.cpp:48:54:[m[K [01;31m[Kerror: [m[Kâ€˜[01m[Kset_pen[m[Kâ€™ was not declared in this scope
   48 |   auto service = set_pen_server_node->create_service<[01;31m[Kset_pen[m[K>("set_pen", &add);
      |                                                      [01;31m[K^~~~~~~[m[K
[01m[K/home/pau24113/Documents/GitHub/IR2117/tb3_ws/src/olympic/src/rings.cpp:48:75:[m[K [01;31m[Kerror: [m[Kâ€˜[01m[Kadd[m[Kâ€™ was not declared in this scope; did you mean â€˜[01m[Kfadd[m[Kâ€™?
   48 | e = set_pen_server_node->create_service<set_pen>("set_pen", &[01;31m[Kadd[m[K);
      |                                                              [01;31m[K^~~[m[K
      |                                                              [32m[Kfadd[m[K
[01m[K/home/pau24113/Documents/GitHub/IR2117/tb3_ws/src/olympic/src/rings.cpp:61:70:[m[K [01;31m[Kerror: [m[Kno matching function for call to â€˜[01m[Krclcpp::Node::create_client<set_pen>(const char [8])[m[Kâ€™
   61 |   auto client = set_pen_client_node->create_client<set_pen>("set_pen"[01;31m[K)[m[K;
      |                                                                      [01;31m[K^[m[K
In file included from [01m[K/opt/ros/foxy/include/rclcpp/executors/single_threaded_executor.hpp:28[m[K,
                 from [01m[K/opt/ros/foxy/include/rclcpp/executors.hpp:22[m[K,
                 from [01m[K/opt/ros/foxy/include/rclcpp/rclcpp.hpp:146[m[K,
                 from [01m[K/home/pau24113/Documents/GitHub/IR2117/tb3_ws/src/olympic/src/rings.cpp:5[m[K:
[01m[K/opt/ros/foxy/include/rclcpp/node.hpp:246:3:[m[K [01;36m[Knote: [m[Kcandidate: â€˜[01m[Ktemplate<class ServiceT> typename rclcpp::Client<ServiceT>::SharedPtr rclcpp::Node::create_client(const string&, const rmw_qos_profile_t&, rclcpp::CallbackGroup::SharedPtr)[m[Kâ€™
  246 |   [01;36m[Kcreate_client[m[K(
      |   [01;36m[K^~~~~~~~~~~~~[m[K
[01m[K/opt/ros/foxy/include/rclcpp/node.hpp:246:3:[m[K [01;36m[Knote: [m[K  template argument deduction/substitution failed:
[01m[K/home/pau24113/Documents/GitHub/IR2117/tb3_ws/src/olympic/src/rings.cpp:63:23:[m[K [01;31m[Kerror: [m[Kparse error in template argument list
   63 |   auto request = std::[01;31m[Kmake_shared<set_pen::Request>[m[K();
      |                       [01;31m[K^~~~~~~~~~~~~~~~~~~~~~~~~~~~~[m[K
[01m[K/home/pau24113/Documents/GitHub/IR2117/tb3_ws/src/olympic/src/rings.cpp:63:53:[m[K [01;31m[Kerror: [m[Kno matching function for call to â€˜[01m[Kmake_shared<set_pen>()[m[Kâ€™
   63 |   auto request = std::make_shared<set_pen::Request>([01;31m[K)[m[K;
      |                                                     [01;31m[K^[m[K
In file included from [01m[K/usr/include/c++/9/memory:81[m[K,
                 from [01m[K/home/pau24113/Documents/GitHub/IR2117/tb3_ws/src/olympic/src/rings.cpp:3[m[K:
[01m[K/usr/include/c++/9/bits/shared_ptr.h:714:5:[m[K [01;36m[Knote: [m[Kcandidate: â€˜[01m[Ktemplate<class _Tp, class ... _Args> std::shared_ptr<_Tp> std::make_shared(_Args&& ...)[m[Kâ€™
  714 |     [01;36m[Kmake_shared[m[K(_Args&&... __args)
      |     [01;36m[K^~~~~~~~~~~[m[K
[01m[K/usr/include/c++/9/bits/shared_ptr.h:714:5:[m[K [01;36m[Knote: [m[K  template argument deduction/substitution failed:
make[2]: *** [CMakeFiles/rings.dir/build.make:63: CMakeFiles/rings.dir/src/rings.cpp.o] Error 1
make[1]: *** [CMakeFiles/Makefile2:78: CMakeFiles/rings.dir/all] Error 2
make: *** [Makefile:141: all] Error 2
