[0.013s] Invoking command in '/home/pau24113/Documents/GitHub/IR2117/tb3_ws/build/olympic': CMAKE_PREFIX_PATH=${CMAKE_PREFIX_PATH}:/opt/ros/foxy /usr/bin/cmake --build /home/pau24113/Documents/GitHub/IR2117/tb3_ws/build/olympic -- -j16 -l16
[0.034s] -- Found ament_cmake: 0.9.11 (/opt/ros/foxy/share/ament_cmake/cmake)
[0.050s] -- Using PYTHON_EXECUTABLE: /usr/bin/python3
[0.194s] -- Found rclcpp: 2.4.2 (/opt/ros/foxy/share/rclcpp/cmake)
[0.225s] -- Using all available rosidl_typesupport_c: rosidl_typesupport_fastrtps_c;rosidl_typesupport_introspection_c
[0.229s] -- Found rosidl_adapter: 1.3.0 (/opt/ros/foxy/share/rosidl_adapter/cmake)
[0.327s] -- Using all available rosidl_typesupport_cpp: rosidl_typesupport_fastrtps_cpp;rosidl_typesupport_introspection_cpp
[0.372s] -- Found rmw_implementation_cmake: 1.0.4 (/opt/ros/foxy/share/rmw_implementation_cmake/cmake)
[0.373s] -- Using RMW implementation 'rmw_fastrtps_cpp' as default
[0.495s] -- Found turtlesim: 1.2.6 (/opt/ros/foxy/share/turtlesim/cmake)
[0.580s] -- Found geometry_msgs: 2.0.5 (/opt/ros/foxy/share/geometry_msgs/cmake)
[0.608s] -- Found example_interfaces: 0.9.1 (/opt/ros/foxy/share/example_interfaces/cmake)
[0.655s] -- Found ament_lint_auto: 0.9.8 (/opt/ros/foxy/share/ament_lint_auto/cmake)
[0.705s] -- Added test 'copyright' to check source files copyright and LICENSE
[0.706s] -- Added test 'cppcheck' to perform static code analysis on C / C++ code
[0.706s] -- Configured cppcheck include dirs: 
[0.706s] -- Configured cppcheck exclude dirs and/or files: 
[0.706s] -- Added test 'cpplint' to check C / C++ code against the Google style
[0.706s] -- Configured cpplint exclude dirs and/or files: 
[0.707s] -- Added test 'lint_cmake' to check CMake code style
[0.708s] -- Added test 'uncrustify' to check C / C++ code style
[0.708s] -- Configured uncrustify additional arguments: 
[0.708s] -- Added test 'xmllint' to check XML markup files
[0.710s] -- Configuring done
[0.718s] -- Generating done
[0.719s] -- Build files have been written to: /home/pau24113/Documents/GitHub/IR2117/tb3_ws/build/olympic
[0.748s] [ 50%] [32mBuilding CXX object CMakeFiles/rings.dir/src/rings.cpp.o[0m
[1.629s] [01m[K/home/pau24113/Documents/GitHub/IR2117/tb3_ws/src/olympic/src/rings.cpp:12:26:[m[K [01;31m[Kerror: [m[Kâ€˜[01m[Kset_pen[m[Kâ€™ was not declared in this scope
[1.629s]    12 | void add(std::shared_ptr<[01;31m[Kset_pen[m[K::Request> request)
[1.629s]       |                          [01;31m[K^~~~~~~[m[K
[1.629s] [01m[K/home/pau24113/Documents/GitHub/IR2117/tb3_ws/src/olympic/src/rings.cpp:12:42:[m[K [01;31m[Kerror: [m[Ktemplate argument 1 is invalid
[1.629s]    12 | void add(std::shared_ptr<set_pen::Request[01;31m[K>[m[K request)
[1.629s]       |                                          [01;31m[K^[m[K
[1.630s] [01m[K/home/pau24113/Documents/GitHub/IR2117/tb3_ws/src/olympic/src/rings.cpp:12:26:[m[K [01;31m[Kerror: [m[Kâ€˜[01m[Kset_pen[m[Kâ€™ was not declared in this scope
[1.630s]    12 | void add(std::shared_ptr<[01;31m[Kset_pen[m[K::Request> request)
[1.630s]       |                          [01;31m[K^~~~~~~[m[K
[1.630s] [01m[K/home/pau24113/Documents/GitHub/IR2117/tb3_ws/src/olympic/src/rings.cpp:12:42:[m[K [01;31m[Kerror: [m[Ktemplate argument 1 is invalid
[1.630s]    12 | void add(std::shared_ptr<set_pen::Request[01;31m[K>[m[K request)
[1.630s]       |                                          [01;31m[K^[m[K
[1.630s] [01m[K/home/pau24113/Documents/GitHub/IR2117/tb3_ws/src/olympic/src/rings.cpp:12:26:[m[K [01;31m[Kerror: [m[Kâ€˜[01m[Kset_pen[m[Kâ€™ was not declared in this scope
[1.631s]    12 | void add(std::shared_ptr<[01;31m[Kset_pen[m[K::Request> request)
[1.631s]       |                          [01;31m[K^~~~~~~[m[K
[1.631s] [01m[K/home/pau24113/Documents/GitHub/IR2117/tb3_ws/src/olympic/src/rings.cpp:12:42:[m[K [01;31m[Kerror: [m[Ktemplate argument 1 is invalid
[1.631s]    12 | void add(std::shared_ptr<set_pen::Request[01;31m[K>[m[K request)
[1.631s]       |                                          [01;31m[K^[m[K
[1.631s] [01m[K/home/pau24113/Documents/GitHub/IR2117/tb3_ws/src/olympic/src/rings.cpp:12:15:[m[K [01;31m[Kerror: [m[Kvariable or field â€˜[01m[Kadd[m[Kâ€™ declared void
[1.631s]    12 | void add(std::[01;31m[Kshared_ptr[m[K<set_pen::Request> request)
[1.631s]       |               [01;31m[K^~~~~~~~~~[m[K
[1.631s] [01m[K/home/pau24113/Documents/GitHub/IR2117/tb3_ws/src/olympic/src/rings.cpp:12:26:[m[K [01;31m[Kerror: [m[Kâ€˜[01m[Kset_pen[m[Kâ€™ was not declared in this scope
[1.631s]    12 | void add(std::shared_ptr<[01;31m[Kset_pen[m[K::Request> request)
[1.631s]       |                          [01;31m[K^~~~~~~[m[K
[1.631s] [01m[K/home/pau24113/Documents/GitHub/IR2117/tb3_ws/src/olympic/src/rings.cpp:12:42:[m[K [01;31m[Kerror: [m[Ktemplate argument 1 is invalid
[1.631s]    12 | void add(std::shared_ptr<set_pen::Request[01;31m[K>[m[K request)
[1.631s]       |                                          [01;31m[K^[m[K
[1.648s] [01m[K/home/pau24113/Documents/GitHub/IR2117/tb3_ws/src/olympic/src/rings.cpp:[m[K In function â€˜[01m[Kint main(int, char**)[m[Kâ€™:
[1.648s] [01m[K/home/pau24113/Documents/GitHub/IR2117/tb3_ws/src/olympic/src/rings.cpp:48:54:[m[K [01;31m[Kerror: [m[Kâ€˜[01m[Kset_pen[m[Kâ€™ was not declared in this scope
[1.648s]    48 |   auto service = set_pen_server_node->create_service<[01;31m[Kset_pen[m[K>("set_pen", &add);
[1.648s]       |                                                      [01;31m[K^~~~~~~[m[K
[1.648s] [01m[K/home/pau24113/Documents/GitHub/IR2117/tb3_ws/src/olympic/src/rings.cpp:48:75:[m[K [01;31m[Kerror: [m[Kâ€˜[01m[Kadd[m[Kâ€™ was not declared in this scope; did you mean â€˜[01m[Kfadd[m[Kâ€™?
[1.648s]    48 | e = set_pen_server_node->create_service<set_pen>("set_pen", &[01;31m[Kadd[m[K);
[1.648s]       |                                                              [01;31m[K^~~[m[K
[1.648s]       |                                                              [32m[Kfadd[m[K
[1.649s] [01m[K/home/pau24113/Documents/GitHub/IR2117/tb3_ws/src/olympic/src/rings.cpp:61:70:[m[K [01;31m[Kerror: [m[Kno matching function for call to â€˜[01m[Krclcpp::Node::create_client<set_pen>(const char [8])[m[Kâ€™
[1.649s]    61 |   auto client = set_pen_client_node->create_client<set_pen>("set_pen"[01;31m[K)[m[K;
[1.649s]       |                                                                      [01;31m[K^[m[K
[1.650s] In file included from [01m[K/opt/ros/foxy/include/rclcpp/executors/single_threaded_executor.hpp:28[m[K,
[1.650s]                  from [01m[K/opt/ros/foxy/include/rclcpp/executors.hpp:22[m[K,
[1.650s]                  from [01m[K/opt/ros/foxy/include/rclcpp/rclcpp.hpp:146[m[K,
[1.650s]                  from [01m[K/home/pau24113/Documents/GitHub/IR2117/tb3_ws/src/olympic/src/rings.cpp:5[m[K:
[1.650s] [01m[K/opt/ros/foxy/include/rclcpp/node.hpp:246:3:[m[K [01;36m[Knote: [m[Kcandidate: â€˜[01m[Ktemplate<class ServiceT> typename rclcpp::Client<ServiceT>::SharedPtr rclcpp::Node::create_client(const string&, const rmw_qos_profile_t&, rclcpp::CallbackGroup::SharedPtr)[m[Kâ€™
[1.650s]   246 |   [01;36m[Kcreate_client[m[K(
[1.650s]       |   [01;36m[K^~~~~~~~~~~~~[m[K
[1.650s] [01m[K/opt/ros/foxy/include/rclcpp/node.hpp:246:3:[m[K [01;36m[Knote: [m[K  template argument deduction/substitution failed:
[1.650s] [01m[K/home/pau24113/Documents/GitHub/IR2117/tb3_ws/src/olympic/src/rings.cpp:63:23:[m[K [01;31m[Kerror: [m[Kparse error in template argument list
[1.650s]    63 |   auto request = std::[01;31m[Kmake_shared<set_pen::Request>[m[K();
[1.650s]       |                       [01;31m[K^~~~~~~~~~~~~~~~~~~~~~~~~~~~~[m[K
[1.650s] [01m[K/home/pau24113/Documents/GitHub/IR2117/tb3_ws/src/olympic/src/rings.cpp:63:53:[m[K [01;31m[Kerror: [m[Kno matching function for call to â€˜[01m[Kmake_shared<set_pen>()[m[Kâ€™
[1.650s]    63 |   auto request = std::make_shared<set_pen::Request>([01;31m[K)[m[K;
[1.650s]       |                                                     [01;31m[K^[m[K
[1.650s] In file included from [01m[K/usr/include/c++/9/memory:81[m[K,
[1.650s]                  from [01m[K/home/pau24113/Documents/GitHub/IR2117/tb3_ws/src/olympic/src/rings.cpp:3[m[K:
[1.650s] [01m[K/usr/include/c++/9/bits/shared_ptr.h:714:5:[m[K [01;36m[Knote: [m[Kcandidate: â€˜[01m[Ktemplate<class _Tp, class ... _Args> std::shared_ptr<_Tp> std::make_shared(_Args&& ...)[m[Kâ€™
[1.650s]   714 |     [01;36m[Kmake_shared[m[K(_Args&&... __args)
[1.650s]       |     [01;36m[K^~~~~~~~~~~[m[K
[1.651s] [01m[K/usr/include/c++/9/bits/shared_ptr.h:714:5:[m[K [01;36m[Knote: [m[K  template argument deduction/substitution failed:
[2.225s] make[2]: *** [CMakeFiles/rings.dir/build.make:63: CMakeFiles/rings.dir/src/rings.cpp.o] Error 1
[2.226s] make[1]: *** [CMakeFiles/Makefile2:78: CMakeFiles/rings.dir/all] Error 2
[2.226s] make: *** [Makefile:141: all] Error 2
[2.227s] Invoked command in '/home/pau24113/Documents/GitHub/IR2117/tb3_ws/build/olympic' returned '2': CMAKE_PREFIX_PATH=${CMAKE_PREFIX_PATH}:/opt/ros/foxy /usr/bin/cmake --build /home/pau24113/Documents/GitHub/IR2117/tb3_ws/build/olympic -- -j16 -l16
