[0.014s] Invoking command in '/home/pau24113/Documents/GitHub/IR2117/tb3_ws/build/olympic': CMAKE_PREFIX_PATH=${CMAKE_PREFIX_PATH}:/opt/ros/foxy /usr/bin/cmake --build /home/pau24113/Documents/GitHub/IR2117/tb3_ws/build/olympic -- -j16 -l16
[0.041s] [35m[1mScanning dependencies of target rings[0m
[0.057s] [ 50%] [32mBuilding CXX object CMakeFiles/rings.dir/src/rings.cpp.o[0m
[0.994s] [01m[K/home/pau24113/Documents/GitHub/IR2117/tb3_ws/src/olympic/src/rings.cpp:10:23:[m[K [01;31m[Kerror: [m[Kâ€˜[01m[Kturtlesim::srv::set_pen[m[Kâ€™ has not been declared
[0.994s]    10 | using turtlesim::srv::[01;31m[Kset_pen[m[K;
[0.994s]       |                       [01;31m[K^~~~~~~[m[K
[0.995s] [01m[K/home/pau24113/Documents/GitHub/IR2117/tb3_ws/src/olympic/src/rings.cpp:12:26:[m[K [01;31m[Kerror: [m[Kâ€˜[01m[Kset_pen[m[Kâ€™ was not declared in this scope
[0.995s]    12 | void add(std::shared_ptr<[01;31m[Kset_pen[m[K::Request> request)
[0.995s]       |                          [01;31m[K^~~~~~~[m[K
[0.995s] [01m[K/home/pau24113/Documents/GitHub/IR2117/tb3_ws/src/olympic/src/rings.cpp:12:42:[m[K [01;31m[Kerror: [m[Ktemplate argument 1 is invalid
[0.995s]    12 | void add(std::shared_ptr<set_pen::Request[01;31m[K>[m[K request)
[0.995s]       |                                          [01;31m[K^[m[K
[0.996s] [01m[K/home/pau24113/Documents/GitHub/IR2117/tb3_ws/src/olympic/src/rings.cpp:12:26:[m[K [01;31m[Kerror: [m[Kâ€˜[01m[Kset_pen[m[Kâ€™ was not declared in this scope
[0.996s]    12 | void add(std::shared_ptr<[01;31m[Kset_pen[m[K::Request> request)
[0.996s]       |                          [01;31m[K^~~~~~~[m[K
[0.996s] [01m[K/home/pau24113/Documents/GitHub/IR2117/tb3_ws/src/olympic/src/rings.cpp:12:42:[m[K [01;31m[Kerror: [m[Ktemplate argument 1 is invalid
[0.996s]    12 | void add(std::shared_ptr<set_pen::Request[01;31m[K>[m[K request)
[0.996s]       |                                          [01;31m[K^[m[K
[0.997s] [01m[K/home/pau24113/Documents/GitHub/IR2117/tb3_ws/src/olympic/src/rings.cpp:12:26:[m[K [01;31m[Kerror: [m[Kâ€˜[01m[Kset_pen[m[Kâ€™ was not declared in this scope
[0.997s]    12 | void add(std::shared_ptr<[01;31m[Kset_pen[m[K::Request> request)
[0.997s]       |                          [01;31m[K^~~~~~~[m[K
[0.997s] [01m[K/home/pau24113/Documents/GitHub/IR2117/tb3_ws/src/olympic/src/rings.cpp:12:42:[m[K [01;31m[Kerror: [m[Ktemplate argument 1 is invalid
[0.997s]    12 | void add(std::shared_ptr<set_pen::Request[01;31m[K>[m[K request)
[0.997s]       |                                          [01;31m[K^[m[K
[0.997s] [01m[K/home/pau24113/Documents/GitHub/IR2117/tb3_ws/src/olympic/src/rings.cpp:12:15:[m[K [01;31m[Kerror: [m[Kvariable or field â€˜[01m[Kadd[m[Kâ€™ declared void
[0.997s]    12 | void add(std::[01;31m[Kshared_ptr[m[K<set_pen::Request> request)
[0.997s]       |               [01;31m[K^~~~~~~~~~[m[K
[0.998s] [01m[K/home/pau24113/Documents/GitHub/IR2117/tb3_ws/src/olympic/src/rings.cpp:12:26:[m[K [01;31m[Kerror: [m[Kâ€˜[01m[Kset_pen[m[Kâ€™ was not declared in this scope
[0.998s]    12 | void add(std::shared_ptr<[01;31m[Kset_pen[m[K::Request> request)
[0.998s]       |                          [01;31m[K^~~~~~~[m[K
[0.998s] [01m[K/home/pau24113/Documents/GitHub/IR2117/tb3_ws/src/olympic/src/rings.cpp:12:42:[m[K [01;31m[Kerror: [m[Ktemplate argument 1 is invalid
[0.998s]    12 | void add(std::shared_ptr<set_pen::Request[01;31m[K>[m[K request)
[0.998s]       |                                          [01;31m[K^[m[K
[1.014s] [01m[K/home/pau24113/Documents/GitHub/IR2117/tb3_ws/src/olympic/src/rings.cpp:[m[K In function â€˜[01m[Kint main(int, char**)[m[Kâ€™:
[1.014s] [01m[K/home/pau24113/Documents/GitHub/IR2117/tb3_ws/src/olympic/src/rings.cpp:48:54:[m[K [01;31m[Kerror: [m[Kâ€˜[01m[Kset_pen[m[Kâ€™ was not declared in this scope
[1.014s]    48 |   auto service = set_pen_server_node->create_service<[01;31m[Kset_pen[m[K>("set_pen", &add);
[1.014s]       |                                                      [01;31m[K^~~~~~~[m[K
[1.014s] [01m[K/home/pau24113/Documents/GitHub/IR2117/tb3_ws/src/olympic/src/rings.cpp:48:75:[m[K [01;31m[Kerror: [m[Kâ€˜[01m[Kadd[m[Kâ€™ was not declared in this scope; did you mean â€˜[01m[Kfadd[m[Kâ€™?
[1.014s]    48 | e = set_pen_server_node->create_service<set_pen>("set_pen", &[01;31m[Kadd[m[K);
[1.014s]       |                                                              [01;31m[K^~~[m[K
[1.015s]       |                                                              [32m[Kfadd[m[K
[1.016s] [01m[K/home/pau24113/Documents/GitHub/IR2117/tb3_ws/src/olympic/src/rings.cpp:61:70:[m[K [01;31m[Kerror: [m[Kno matching function for call to â€˜[01m[Krclcpp::Node::create_client<set_pen>(const char [8])[m[Kâ€™
[1.016s]    61 |   auto client = set_pen_client_node->create_client<set_pen>("set_pen"[01;31m[K)[m[K;
[1.016s]       |                                                                      [01;31m[K^[m[K
[1.016s] In file included from [01m[K/opt/ros/foxy/include/rclcpp/executors/single_threaded_executor.hpp:28[m[K,
[1.016s]                  from [01m[K/opt/ros/foxy/include/rclcpp/executors.hpp:22[m[K,
[1.016s]                  from [01m[K/opt/ros/foxy/include/rclcpp/rclcpp.hpp:146[m[K,
[1.016s]                  from [01m[K/home/pau24113/Documents/GitHub/IR2117/tb3_ws/src/olympic/src/rings.cpp:5[m[K:
[1.016s] [01m[K/opt/ros/foxy/include/rclcpp/node.hpp:246:3:[m[K [01;36m[Knote: [m[Kcandidate: â€˜[01m[Ktemplate<class ServiceT> typename rclcpp::Client<ServiceT>::SharedPtr rclcpp::Node::create_client(const string&, const rmw_qos_profile_t&, rclcpp::CallbackGroup::SharedPtr)[m[Kâ€™
[1.016s]   246 |   [01;36m[Kcreate_client[m[K(
[1.016s]       |   [01;36m[K^~~~~~~~~~~~~[m[K
[1.016s] [01m[K/opt/ros/foxy/include/rclcpp/node.hpp:246:3:[m[K [01;36m[Knote: [m[K  template argument deduction/substitution failed:
[1.016s] [01m[K/home/pau24113/Documents/GitHub/IR2117/tb3_ws/src/olympic/src/rings.cpp:63:23:[m[K [01;31m[Kerror: [m[Kparse error in template argument list
[1.016s]    63 |   auto request = std::[01;31m[Kmake_shared<set_pen::Request>[m[K();
[1.016s]       |                       [01;31m[K^~~~~~~~~~~~~~~~~~~~~~~~~~~~~[m[K
[1.016s] [01m[K/home/pau24113/Documents/GitHub/IR2117/tb3_ws/src/olympic/src/rings.cpp:63:53:[m[K [01;31m[Kerror: [m[Kno matching function for call to â€˜[01m[Kmake_shared<set_pen>()[m[Kâ€™
[1.017s]    63 |   auto request = std::make_shared<set_pen::Request>([01;31m[K)[m[K;
[1.017s]       |                                                     [01;31m[K^[m[K
[1.017s] In file included from [01m[K/usr/include/c++/9/memory:81[m[K,
[1.017s]                  from [01m[K/home/pau24113/Documents/GitHub/IR2117/tb3_ws/src/olympic/src/rings.cpp:3[m[K:
[1.017s] [01m[K/usr/include/c++/9/bits/shared_ptr.h:714:5:[m[K [01;36m[Knote: [m[Kcandidate: â€˜[01m[Ktemplate<class _Tp, class ... _Args> std::shared_ptr<_Tp> std::make_shared(_Args&& ...)[m[Kâ€™
[1.017s]   714 |     [01;36m[Kmake_shared[m[K(_Args&&... __args)
[1.017s]       |     [01;36m[K^~~~~~~~~~~[m[K
[1.017s] [01m[K/usr/include/c++/9/bits/shared_ptr.h:714:5:[m[K [01;36m[Knote: [m[K  template argument deduction/substitution failed:
[1.639s] make[2]: *** [CMakeFiles/rings.dir/build.make:63: CMakeFiles/rings.dir/src/rings.cpp.o] Error 1
[1.639s] make[1]: *** [CMakeFiles/Makefile2:78: CMakeFiles/rings.dir/all] Error 2
[1.639s] make: *** [Makefile:141: all] Error 2
[1.641s] Invoked command in '/home/pau24113/Documents/GitHub/IR2117/tb3_ws/build/olympic' returned '2': CMAKE_PREFIX_PATH=${CMAKE_PREFIX_PATH}:/opt/ros/foxy /usr/bin/cmake --build /home/pau24113/Documents/GitHub/IR2117/tb3_ws/build/olympic -- -j16 -l16
