[ 50%] [32mBuilding CXX object CMakeFiles/sum.dir/sum.cpp.o[0m
[01m[K/home/pau24113/Documents/GitHub/IR2117/ros2_ws/src/examples/sum/sum.cpp:[m[K In function â€˜[01m[Kint main(int, char**)[m[Kâ€™:
[01m[K/home/pau24113/Documents/GitHub/IR2117/ros2_ws/src/examples/sum/sum.cpp:15:10:[m[K [01;31m[Kerror: [m[Kexpected â€˜[01m[K;[m[Kâ€™ before â€˜[01m[Krclcpp[m[Kâ€™
   15 |   sum = 0
      |          [01;31m[K^[m[K
      |          [32m[K;[m[K
   16 |   [32m[Krclcpp[m[K::init(argc, argv);
      |   [32m[K~~~~~~[m[K  
[01m[K/home/pau24113/Documents/GitHub/IR2117/ros2_ws/src/examples/sum/sum.cpp:13:14:[m[K [01;35m[Kwarning: [m[Kunused parameter â€˜[01m[Kargc[m[Kâ€™ [[01;35m[K-Wunused-parameter[m[K]
   13 | int main([01;35m[Kint argc[m[K, char * argv[])
      |          [01;35m[K~~~~^~~~[m[K
[01m[K/home/pau24113/Documents/GitHub/IR2117/ros2_ws/src/examples/sum/sum.cpp:13:27:[m[K [01;35m[Kwarning: [m[Kunused parameter â€˜[01m[Kargv[m[Kâ€™ [[01;35m[K-Wunused-parameter[m[K]
   13 | int main(int argc, [01;35m[Kchar * argv[][m[K)
      |                    [01;35m[K~~~~~~~^~~~~~[m[K
make[2]: *** [CMakeFiles/sum.dir/build.make:63: CMakeFiles/sum.dir/sum.cpp.o] Error 1
make[1]: *** [CMakeFiles/Makefile2:105: CMakeFiles/sum.dir/all] Error 2
make: *** [Makefile:141: all] Error 2
