[0.013s] Invoking command in '/home/pau24113/Documents/GitHub/IR2117/tb3_ws/build/olympic': CMAKE_PREFIX_PATH=${CMAKE_PREFIX_PATH}:/opt/ros/foxy /usr/bin/cmake --build /home/pau24113/Documents/GitHub/IR2117/tb3_ws/build/olympic -- -j16 -l16
[0.082s] [35m[1mScanning dependencies of target rings[0m
[0.099s] [ 50%] [32mBuilding CXX object CMakeFiles/rings.dir/src/rings.cpp.o[0m
[1.152s] [01m[K/home/pau24113/Documents/GitHub/IR2117/tb3_ws/src/olympic/src/rings.cpp:[m[K In function â€˜[01m[Kint main(int, char**)[m[Kâ€™:
[1.152s] [01m[K/home/pau24113/Documents/GitHub/IR2117/tb3_ws/src/olympic/src/rings.cpp:68:49:[m[K [01;31m[Kerror: [m[Kâ€˜[01m[Kwidth[m[Kâ€™ was not declared in this scope; did you mean â€˜[01m[Kwcwidth[m[Kâ€™?
[1.152s]    68 |   std::vector<double> x = {5.5, (5.5-(2*radius)-[01;31m[Kwidth[m[K), (5.5+width+2*radius), (5.5-radius-width), (5.5+radius)};
[1.152s]       |                                                 [01;31m[K^~~~~[m[K
[1.152s]       |                                                 [32m[Kwcwidth[m[K
[1.152s] [01m[K/home/pau24113/Documents/GitHub/IR2117/tb3_ws/src/olympic/src/rings.cpp:68:111:[m[K [01;31m[Kerror: [m[Kcould not convert â€˜[01m[K{5.5e+0, <expression error>, <expression error>, <expression error>, (5.5e+0 + radius)}[m[Kâ€™ from â€˜[01m[K<brace-enclosed initializer list>[m[Kâ€™ to â€˜[01m[Kstd::vector<double, std::allocator<double> >[m[Kâ€™
[1.152s]    68 | idth), (5.5+width+2*radius), (5.5-radius-width), (5.5+radius)[01;31m[K}[m[K;
[1.152s]       |                                                              [01;31m[K^[m[K
[1.152s]       |                                                              [01;31m[K|[m[K
[1.152s]       |                                                              [01;31m[K<brace-enclosed initializer list>[m[K
[1.153s] 
[2.021s] make[2]: *** [CMakeFiles/rings.dir/build.make:63: CMakeFiles/rings.dir/src/rings.cpp.o] Error 1
[2.021s] make[1]: *** [CMakeFiles/Makefile2:78: CMakeFiles/rings.dir/all] Error 2
[2.022s] make: *** [Makefile:141: all] Error 2
[2.023s] Invoked command in '/home/pau24113/Documents/GitHub/IR2117/tb3_ws/build/olympic' returned '2': CMAKE_PREFIX_PATH=${CMAKE_PREFIX_PATH}:/opt/ros/foxy /usr/bin/cmake --build /home/pau24113/Documents/GitHub/IR2117/tb3_ws/build/olympic -- -j16 -l16
